1691866618903	geckodriver	INFO	Listening on 127.0.0.1:1097
1691866622600	geckodriver	INFO	Listening on 127.0.0.1:1104
1691867084157	geckodriver	INFO	Listening on 127.0.0.1:1303
1691867087543	geckodriver	INFO	Listening on 127.0.0.1:1310
1691867191739	geckodriver	INFO	Listening on 127.0.0.1:1322
1691867194323	geckodriver::browser	DEBUG	Backing up prefs to "C:\\Users\\User\\AppData\\Local\\Temp\\rust_mozprofile7SnEf4\\user.geckodriver_backup"
1691867194566	mozrunner::runner	INFO	Running command: "C:\\Python39\\my scripts\\scraper\\Mozilla Firefox\\firefox.exe" "--marionette" "--user-agent=Mozilla/5.0 (X11; CrOS x86_64 7077.123.0) AppleWebKit/537.36 (KHTML, like Gecko) Chrome/44.0.2403.155 Safari/537.36" "--remote-debugging-port" "1323" "-no-remote" "-profile" "C:\\Users\\User\\AppData\\Local\\Temp\\rust_mozprofile7SnEf4"
1691867195322	geckodriver::marionette	DEBUG	Waiting 60s to connect to browser on 127.0.0.1:1328
1691867196387	geckodriver::marionette	TRACE	No connection could be made because the target machine actively refused it. (os error 10061). Retrying in 100ms
1691867197489	geckodriver::marionette	TRACE	No connection could be made because the target machine actively refused it. (os error 10061). Retrying in 100ms
1691867198595	geckodriver::marionette	TRACE	No connection could be made because the target machine actively refused it. (os error 10061). Retrying in 100ms
1691867199700	geckodriver::marionette	TRACE	No connection could be made because the target machine actively refused it. (os error 10061). Retrying in 100ms
1691867200798	geckodriver::marionette	TRACE	No connection could be made because the target machine actively refused it. (os error 10061). Retrying in 100ms
1691867201903	geckodriver::marionette	TRACE	No connection could be made because the target machine actively refused it. (os error 10061). Retrying in 100ms
1691867203008	geckodriver::marionette	TRACE	No connection could be made because the target machine actively refused it. (os error 10061). Retrying in 100ms
1691867204113	geckodriver::marionette	TRACE	No connection could be made because the target machine actively refused it. (os error 10061). Retrying in 100ms
1691867205238	geckodriver::marionette	TRACE	No connection could be made because the target machine actively refused it. (os error 10061). Retrying in 100ms
1691867206354	geckodriver::marionette	TRACE	No connection could be made because the target machine actively refused it. (os error 10061). Retrying in 100ms
1691867207477	geckodriver::marionette	TRACE	No connection could be made because the target machine actively refused it. (os error 10061). Retrying in 100ms
1691867208582	geckodriver::marionette	TRACE	No connection could be made because the target machine actively refused it. (os error 10061). Retrying in 100ms
1691867209688	geckodriver::marionette	TRACE	No connection could be made because the target machine actively refused it. (os error 10061). Retrying in 100ms
1691867210797	geckodriver::marionette	TRACE	No connection could be made because the target machine actively refused it. (os error 10061). Retrying in 100ms
1691867211898	geckodriver::marionette	TRACE	No connection could be made because the target machine actively refused it. (os error 10061). Retrying in 100ms
1691867213006	geckodriver::marionette	TRACE	No connection could be made because the target machine actively refused it. (os error 10061). Retrying in 100ms
1691867214116	geckodriver::marionette	TRACE	No connection could be made because the target machine actively refused it. (os error 10061). Retrying in 100ms
1691867215226	geckodriver::marionette	TRACE	No connection could be made because the target machine actively refused it. (os error 10061). Retrying in 100ms
1691867216335	geckodriver::marionette	TRACE	No connection could be made because the target machine actively refused it. (os error 10061). Retrying in 100ms
1691867217440	geckodriver::marionette	TRACE	No connection could be made because the target machine actively refused it. (os error 10061). Retrying in 100ms
1691867218537	geckodriver::marionette	TRACE	No connection could be made because the target machine actively refused it. (os error 10061). Retrying in 100ms
1691867219647	geckodriver::marionette	TRACE	No connection could be made because the target machine actively refused it. (os error 10061). Retrying in 100ms
1691867220748	geckodriver::marionette	TRACE	No connection could be made because the target machine actively refused it. (os error 10061). Retrying in 100ms
1691867221857	geckodriver::marionette	TRACE	No connection could be made because the target machine actively refused it. (os error 10061). Retrying in 100ms
1691867222970	geckodriver::marionette	TRACE	No connection could be made because the target machine actively refused it. (os error 10061). Retrying in 100ms
1691867224072	geckodriver::marionette	TRACE	No connection could be made because the target machine actively refused it. (os error 10061). Retrying in 100ms
1691867225181	geckodriver::marionette	TRACE	No connection could be made because the target machine actively refused it. (os error 10061). Retrying in 100ms
1691867226282	geckodriver::marionette	TRACE	No connection could be made because the target machine actively refused it. (os error 10061). Retrying in 100ms
1691867227387	geckodriver::marionette	TRACE	No connection could be made because the target machine actively refused it. (os error 10061). Retrying in 100ms
1691867228493	geckodriver::marionette	TRACE	No connection could be made because the target machine actively refused it. (os error 10061). Retrying in 100ms
1691867229606	geckodriver::marionette	TRACE	No connection could be made because the target machine actively refused it. (os error 10061). Retrying in 100ms
1691867230712	geckodriver::marionette	TRACE	No connection could be made because the target machine actively refused it. (os error 10061). Retrying in 100ms
1691867231821	geckodriver::marionette	TRACE	No connection could be made because the target machine actively refused it. (os error 10061). Retrying in 100ms
1691867232922	geckodriver::marionette	TRACE	No connection could be made because the target machine actively refused it. (os error 10061). Retrying in 100ms
1691867234028	geckodriver::marionette	TRACE	No connection could be made because the target machine actively refused it. (os error 10061). Retrying in 100ms
1691867235129	geckodriver::marionette	TRACE	No connection could be made because the target machine actively refused it. (os error 10061). Retrying in 100ms
1691867236257	geckodriver::marionette	TRACE	No connection could be made because the target machine actively refused it. (os error 10061). Retrying in 100ms
1691867237373	geckodriver::marionette	TRACE	No connection could be made because the target machine actively refused it. (os error 10061). Retrying in 100ms
1691867238474	geckodriver::marionette	TRACE	No connection could be made because the target machine actively refused it. (os error 10061). Retrying in 100ms
1691867239587	geckodriver::marionette	TRACE	No connection could be made because the target machine actively refused it. (os error 10061). Retrying in 100ms
console.warn: services.settings: Ignoring preference override of remote settings server
console.warn: services.settings: Allow by setting MOZ_REMOTE_SETTINGS_DEVTOOLS=1 in the environment
1691867240700	geckodriver::marionette	TRACE	No connection could be made because the target machine actively refused it. (os error 10061). Retrying in 100ms
1691867241800	geckodriver::marionette	TRACE	No connection could be made because the target machine actively refused it. (os error 10061). Retrying in 100ms
1691867242898	geckodriver::marionette	TRACE	No connection could be made because the target machine actively refused it. (os error 10061). Retrying in 100ms
1691867244002	geckodriver::marionette	TRACE	No connection could be made because the target machine actively refused it. (os error 10061). Retrying in 100ms
1691867245110	geckodriver::marionette	TRACE	No connection could be made because the target machine actively refused it. (os error 10061). Retrying in 100ms
1691867246210	geckodriver::marionette	TRACE	No connection could be made because the target machine actively refused it. (os error 10061). Retrying in 100ms
1691867247307	geckodriver::marionette	TRACE	No connection could be made because the target machine actively refused it. (os error 10061). Retrying in 100ms
1691867248408	geckodriver::marionette	TRACE	No connection could be made because the target machine actively refused it. (os error 10061). Retrying in 100ms
1691867249434	RemoteAgent	DEBUG	WebDriver BiDi enabled
1691867249506	RemoteAgent	DEBUG	CDP enabled
1691867249506	Marionette	INFO	Marionette enabled
1691867249513	geckodriver::marionette	TRACE	No connection could be made because the target machine actively refused it. (os error 10061). Retrying in 100ms
1691867249514	RemoteAgent	DEBUG	Setting recommended pref apz.content_response_timeout to 60000
1691867249515	RemoteAgent	DEBUG	Setting recommended pref browser.contentblocking.introCount to 99
1691867249515	RemoteAgent	DEBUG	Setting recommended pref browser.download.panel.shown to true
1691867249515	RemoteAgent	DEBUG	Setting recommended pref browser.pagethumbnails.capturing_disabled to true
1691867249516	RemoteAgent	DEBUG	Setting recommended pref browser.startup.couldRestoreSession.count to -1
1691867249516	RemoteAgent	DEBUG	Setting recommended pref browser.tabs.disableBackgroundZombification to false
1691867249516	RemoteAgent	DEBUG	Setting recommended pref browser.tabs.unloadOnLowMemory to false
1691867249517	RemoteAgent	DEBUG	Setting recommended pref browser.tabs.warnOnCloseOtherTabs to false
1691867249517	RemoteAgent	DEBUG	Setting recommended pref browser.toolbars.bookmarks.visibility to never
1691867249518	RemoteAgent	DEBUG	Setting recommended pref browser.topsites.contile.enabled to false
1691867249518	RemoteAgent	DEBUG	Setting recommended pref browser.urlbar.merino.endpointURL to 
1691867249518	RemoteAgent	DEBUG	Setting recommended pref browser.urlbar.suggest.searches to false
1691867249518	RemoteAgent	DEBUG	Setting recommended pref datareporting.policy.dataSubmissionPolicyAccepted to false
1691867249519	RemoteAgent	DEBUG	Setting recommended pref dom.file.createInChild to true
1691867249519	RemoteAgent	DEBUG	Setting recommended pref dom.navigation.locationChangeRateLimit.count to 0
1691867249519	RemoteAgent	DEBUG	Setting recommended pref dom.push.connection.enabled to false
1691867249519	RemoteAgent	DEBUG	Setting recommended pref dom.screenorientation.allow-lock to true
1691867249519	RemoteAgent	DEBUG	Setting recommended pref dom.successive_dialog_time_limit to 0
1691867249520	RemoteAgent	DEBUG	Setting recommended pref extensions.getAddons.cache.enabled to false
1691867249520	RemoteAgent	DEBUG	Setting recommended pref extensions.getAddons.discovery.api_url to data:, 
1691867249520	RemoteAgent	DEBUG	Setting recommended pref network.http.prompt-temp-redirect to false
1691867249520	RemoteAgent	DEBUG	Setting recommended pref privacy.trackingprotection.enabled to false
1691867249520	RemoteAgent	DEBUG	Setting recommended pref security.notification_enable_delay to 0
1691867249521	RemoteAgent	DEBUG	Setting recommended pref signon.autofillForms to false
1691867249521	RemoteAgent	DEBUG	Setting recommended pref widget.windows.window_occlusion_tracking.enabled to false
Dynamically enable window occlusion 0
1691867249712	RemoteAgent	DEBUG	Setting recommended pref dom.disable_beforeunload to true
1691867249772	Marionette	TRACE	Received observer notification final-ui-startup
1691867249962	Marionette	INFO	Listening on port 1328
1691867249963	Marionette	DEBUG	Marionette is listening
1691867249963	RemoteAgent	TRACE	Received observer notification final-ui-startup
1691867251118	geckodriver::marionette	TRACE	Socket timeout reading Marionette handshake data: A connection attempt failed because the connected party did not properly respond after a period of time, or established connection failed because connected host has failed to respond. (os error 10060). Retrying in 100ms
1691867252223	geckodriver::marionette	TRACE	Socket timeout reading Marionette handshake data: A connection attempt failed because the connected party did not properly respond after a period of time, or established connection failed because connected host has failed to respond. (os error 10060). Retrying in 100ms
console.error: "Warning: unrecognized command line flag -user-agent\n"
1691867253278	RemoteAgent	TRACE	Available local IP addresses: 127.0.0.1, [::1]
1691867253328	geckodriver::marionette	TRACE	Socket timeout reading Marionette handshake data: A connection attempt failed because the connected party did not properly respond after a period of time, or established connection failed because connected host has failed to respond. (os error 10060). Retrying in 100ms
WebDriver BiDi listening on ws://127.0.0.1:1323
1691867253775	RemoteAgent	DEBUG	Setting recommended pref browser.contentblocking.features.standard to -tp,tpPrivate,cookieBehavior0,-cm,-fp
1691867253775	RemoteAgent	DEBUG	Setting recommended pref network.cookie.cookieBehavior to 0
1691867253777	CDP	DEBUG	Waiting for initial application window
1691867254433	geckodriver::marionette	TRACE	Socket timeout reading Marionette handshake data: A connection attempt failed because the connected party did not properly respond after a period of time, or established connection failed because connected host has failed to respond. (os error 10060). Retrying in 100ms
1691867254455	Marionette	DEBUG	Accepted connection 0 from 127.0.0.1:1383
1691867254460	Marionette	DEBUG	Accepted connection 1 from 127.0.0.1:1384
1691867254461	Marionette	DEBUG	Accepted connection 2 from 127.0.0.1:1385
1691867254468	Marionette	DEBUG	Accepted connection 3 from 127.0.0.1:1386
1691867254473	Marionette	DEBUG	Closed connection 0
1691867254474	Marionette	DEBUG	Closed connection 1
1691867254475	Marionette	DEBUG	Closed connection 2
1691867254534	Marionette	DEBUG	Closed connection 3
1691867255055	Marionette	DEBUG	Accepted connection 4 from 127.0.0.1:1387
1691867255274	geckodriver::marionette	DEBUG	Connection to Marionette established on 127.0.0.1:1328.
1691867261739	Marionette	DEBUG	4 -> [0,1,"WebDriver:NewSession",{"acceptInsecureCerts":true,"browserName":"firefox","pageLoadStrategy":"normal"}]
1691867261758	RemoteAgent	WARN	TLS certificate errors will be ignored for this session
1691867261763	Marionette	DEBUG	Waiting for initial application window
console.error: Region.sys.mjs: "Error fetching region" (new TypeError("NetworkError when attempting to fetch resource.", ""))
console.error: Region.sys.mjs: "Failed to fetch region" (new Error("NO_RESULT", "resource://gre/modules/Region.sys.mjs", 416))
console.warn: SearchSettings: "get: No settings file exists, new profile?" (new NotFoundError("Could not open the file at C:\\Users\\User\\AppData\\Local\\Temp\\rust_mozprofile7SnEf4\\search.json.mozlz4", (void 0)))
1692194080369	geckodriver	INFO	Listening on 127.0.0.1:38162
1692194082279	mozrunner::runner	INFO	Running command: "C:\\Python39\\my scripts\\scraper\\Mozilla Firefox\\firefox.exe" "--marionette" "--remote-debugging-port" "38163" "-no-remote" "-profile" "C:\\Users\\User\\AppData\\Local\\Temp\\rust_mozprofileU3HT16"
console.warn: services.settings: Ignoring preference override of remote settings server
console.warn: services.settings: Allow by setting MOZ_REMOTE_SETTINGS_DEVTOOLS=1 in the environment
1692194095776	Marionette	INFO	Marionette enabled
Dynamically enable window occlusion 0
1692194095841	Marionette	INFO	Listening on port 38168
WebDriver BiDi listening on ws://127.0.0.1:38163
1692194106189	RemoteAgent	WARN	TLS certificate errors will be ignored for this session
console.error: Region.sys.mjs: "Error fetching region" (new Error("TIMEOUT", "resource://gre/modules/Region.sys.mjs", 764))
console.error: Region.sys.mjs: "Failed to fetch region" (new Error("TIMEOUT", "resource://gre/modules/Region.sys.mjs", 416))
console.warn: SearchSettings: "get: No settings file exists, new profile?" (new NotFoundError("Could not open the file at C:\\Users\\User\\AppData\\Local\\Temp\\rust_mozprofileU3HT16\\search.json.mozlz4", (void 0)))
DevTools listening on ws://127.0.0.1:38163/devtools/browser/a48013ef-5ebc-4398-8519-28da47ef5f8c
1692194838418	geckodriver	INFO	Listening on 127.0.0.1:38436
1692194840900	mozrunner::runner	INFO	Running command: "C:\\P1692194841656	mozrunner::runner	INFO	Running command: "C:\\Python39\\my scripts\\scraper\\Mozilla Firefox\\firefox.exe" "--marionette" "--remote-debugging-port" "38441" "-no-remote" "-profile" "C:\\Users\\User\\AppData\\Local\\Temp\\rust_mozprofileg67Sky"
console.warn: services.settings: Ignoring preference override of remote settings server
console.warn: services.settings: Allow by1692194842581	Marionette	INFO	Marionette enabled
Dynamicall1692194843728	Marionette	INFO	Marionette enabled
Dynamically enable window occlusion 0
1692194843752	Marionette	INFO	Listening on port 38453
WebDriver BiDi listening on ws://127.0.0.1:38441
1692194844736	RemoteAgent	WAconsole.error: Region.sys.mjs: "Error fetching region" (new console.warn: SearchSettings: "get: No settings file exists, new profile?" (new NotFoundError("Could not open the file at C:\\Users\\User\\AppData\\Local\\Temp\\rust_mozprofileg67Sky\\search.json.mozlz4", (void 0)))
DevTools listening on ws://127.0.0.1:38441/devtools/browser/a2d96921-aac3-449d-925e-6ad0c4642ad2
console.error: (new TypeError("this._searchProviderInfo is null", "resource:///modules/SearchSERPTelemetry.sys.mjs", 461))
JavaScript error: https://tpsychic.onrender.com/static/assets/js/main.js, line 19: SyntaxError: Document.querySelector: '' is not a valid selector
1692194884573	Marionette	INFO	Stopped listening on port 38453
Dynamically enable window occlusion 1
!!! error running onStopped callback: TypeError: callback is not a function
WARNING: A blocker encountered an error while we were waiting.
          Blocker:  Waiting for ping task
          Phase: TelemetryController: Waiting for pending ping activity
          State: (none)
WARNING: Error: Phase "profile-before-change" is finished, it is too late to register completion condition "OS.File: flush I/O queued before profileBeforeChange"
WARNING: addBlocker@resource://gre/modules/AsyncShutdown.sys.mjs:727:15
addBlocker@resource://gre/modules/AsyncShutdown.sys.mjs:523:26
addBlocker@resource://gre/modules/AsyncShutdown.sys.mjs:458:15
setupShutdown@resource://gre/modules/osfile/osfile_async_front.jsm:1548:28
@resource://gre/modules/osfile/osfile_async_front.jsm:1568:16
@resource://gre/modules/osfile.jsm:12:30
@resource://gre/modules/TelemetryStorage.sys.mjs:10:28
_checkPendingPings@resource://gre/modules/TelemetrySend.sys.mjs:863:17
setup@resource://gre/modules/TelemetrySend.sys.mjs:803:18
setup@resource://gre/modules/TelemetrySend.sys.mjs:241:30
setupTelemetry/this._delayedInitTask<@resource://gre/modules/TelemetryControllerParent.sys.mjs:829:36
observe@resource://gre/modules/AsyncShutdown.sys.mjs:576:16

WARNING: A blocker encountered an error while we were waiting.
          Blocker:  Waiting for ping task
          Phase: TelemetryController: Waiting for pending ping activity
          State: (none)
WARNING: Error: Phase "profile-before-change" is finished, it is too late to register completion condition "OS.File: flush I/O queued before profileBeforeChange"
WARNING: addBlocker@resource://gre/modules/AsyncShutdown.sys.mjs:727:15
addBlocker@resource://gre/modules/AsyncShutdown.sys.mjs:523:26
addBlocker@resource://gre/modules/AsyncShutdown.sys.mjs:458:15
setupShutdown@resource://gre/modules/osfile/osfile_async_front.jsm:1548:28
@resource://gre/modules/osfile/osfile_async_front.jsm:1568:16
@resource://gre/modules/osfile.jsm:12:30
@resource://gre/modules/TelemetryStorage.sys.mjs:10:28
_checkPendingPings@resource://gre/modules/TelemetrySend.sys.mjs:863:17
setup@resource://gre/modules/TelemetrySend.sys.mjs:803:18
setup@resource://gre/modules/TelemetrySend.sys.mjs:241:30
setupTelemetry/this._delayedInitTask<@resource://gre/modules/TelemetryControllerParent.sys.mjs:829:36
observe@resource://gre/modules/AsyncShutdown.sys.mjs:576:16

WARNING: A blocker encountered an error while we were waiting.
          Blocker:  Waiting for ping task
          Phase: TelemetryController: Waiting for pending ping activity
          State: (none)
WARNING: Error: Phase "profile-before-change" is finished, it is too late to register completion condition "OS.File: flush I/O queued before profileBeforeChange"
WARNING: addBlocker@resource://gre/modules/AsyncShutdown.sys.mjs:727:15
addBlocker@resource://gre/modules/AsyncShutdown.sys.mjs:523:26
addBlocker@resource://gre/modules/AsyncShutdown.sys.mjs:458:15
setupShutdown@resource://gre/modules/osfile/osfile_async_front.jsm:1548:28
@resource://gre/modules/osfile/osfile_async_front.jsm:1568:16
@resource://gre/modules/osfile.jsm:12:30
@resource://gre/modules/TelemetryStorage.sys.mjs:10:28
_checkPendingPings@resource://gre/modules/TelemetrySend.sys.mjs:863:17
setup@resource://gre/modules/TelemetrySend.sys.mjs:803:18
setup@resource://gre/modules/TelemetrySend.sys.mjs:241:30
setupTelemetry/this._delayedInitTask<@resource://gre/modules/TelemetryControllerParent.sys.mjs:829:36
observe@resource://gre/modules/AsyncShutdown.sys.mjs:576:16

WARNING: A blocker encountered an error while we were waiting.
          Blocker:  TelemetryController: shutting down
          Phase: profile-before-change-telemetry
          State: Error getting state: Error: Phase "profile-before-change" is finished, it is too late to register completion condition "OS.File: flush I/O queued before profileBeforeChange" at addBlocker@resource://gre/modules/AsyncShutdown.sys.mjs:727:15
addBlocker@resource://gre/modules/AsyncShutdown.sys.mjs:523:26
addBlocker@resource://gre/modules/AsyncShutdown.sys.mjs:458:15
setupShutdown@resource://gre/modules/osfile/osfile_async_front.jsm:1548:28
@resource://gre/modules/osfile/osfile_async_front.jsm:1568:16
@resource://gre/modules/osfile.jsm:12:30
@resource://gre/modules/TelemetryStorage.sys.mjs:10:28
_checkPendingPings@resource://gre/modules/TelemetrySend.sys.mjs:863:17
setup@resource://gre/modules/TelemetrySend.sys.mjs:803:18
setup@resource://gre/modules/TelemetrySend.sys.mjs:241:30
setupTelemetry/this._delayedInitTask<@resource://gre/modules/TelemetryControllerParent.sys.mjs:829:36
observe@resource://gre/modules/AsyncShutdown.sys.mjs:576:16

WARNING: Error: Phase "profile-before-change" is finished, it is too late to register completion condition "OS.File: flush I/O queued before profileBeforeChange"
WARNING: addBlocker@resource://gre/modules/AsyncShutdown.sys.mjs:727:15
addBlocker@resource://gre/modules/AsyncShutdown.sys.mjs:523:26
addBlocker@resource://gre/modules/AsyncShutdown.sys.mjs:458:15
setupShutdown@resource://gre/modules/osfile/osfile_async_front.jsm:1548:28
@resource://gre/modules/osfile/osfile_async_front.jsm:1568:16
@resource://gre/modules/osfile.jsm:12:30
@resource://gre/modules/TelemetryStorage.sys.mjs:10:28
_checkPendingPings@resource://gre/modules/TelemetrySend.sys.mjs:863:17
setup@resource://gre/modules/TelemetrySend.sys.mjs:803:18
setup@resource://gre/modules/TelemetrySend.sys.mjs:241:30
setupTelemetry/this._delayedInitTask<@resource://gre/modules/TelemetryControllerParent.sys.mjs:829:36
observe@resource://gre/modules/AsyncShutdown.sys.mjs:576:16

JavaScript error: resource://gre/modules/AsyncShutdown.sys.mjs, line 727: Error: Phase "profile-before-change" is finished, it is too late to register completion condition "OS.File: flush I/O queued before profileBeforeChange"
JavaScript error: resource://gre/modules/AsyncShutdown.sys.mjs, line 727: Error: Phase "profile-before-change" is finished, it is too late to register completion condition "OS.File: flush I/O queued before profileBeforeChange"
JavaScript error: resource://gre/modules/AsyncShutdown.sys.mjs, line 727: Error: Phase "profile-before-change" is finished, it is too late to register completion condition "OS.File: flush I/O queued before profileBeforeChange"
JavaScript error: resource://gre/modules/AsyncShutdown.sys.mjs, line 727: Error: Phase "profile-before-change" is finished, it is too late to register completion condition "OS.File: flush I/O queued before profileBeforeChange"
JavaScript error: resource://gre/modules/AsyncShutdown.sys.mjs, line 727: Error: Phase "profile-before-change" is finished, it is too late to register completion condition "OS.File: flush I/O queued before profileBeforeChange"
JavaScript error: resource://gre/modules/AsyncShutdown.sys.mjs, line 727: Error: Phase "profile-before-change" is finished, it is too late to register completion condition "OS.File: flush I/O queued before profileBeforeChange"
[Parent 6636, IPC I/O Parent] WARNING: pipe error: 232: file /builds/worker/checkouts/gecko/ipc/chromium/src/chrome/common/ipc_channel_win.cc:583
ush I/O queued before profileBeforeChange"
1692194881206	geckodriver	INFO	Listening on 127.0.0.1:38546
1692194883231	mozrunner::runner	INFO	Running command: "C:\\Python39\\my scripts\\scraper\\Mozilla Firefox\\firefox.exe" "--marionette" "--remote-debugging-port" "38547" "-no-remote" "-profile" "C:\\Users\\User\\AppData\\Local\\Temp\\rust_mozprofileJKt71h"
console.warn: services.settings: Ignoring preference override of remote settings server
console.warn: services.settings: Allow by setting MOZ_REMOTE_SETTINGS_DEVTOOLS=1 in the environment
1692194886272	Marionette	INFO	Marionette enabled
Dynamically enable window occlusion 0
1692194886336	Marionette	INFO	Listening on port 38552
WebDriver BiDi listening on ws://127.0.0.1:38547
1692194887324	RemoteAgent	WARN	TLS certificate errors will be ignored for this session
console.warn: SearchSettings: "get: No settings file exists, new profile?" (new NotFoundError("Could not open the file a1692194894056	mozrunner::runner	INFO	Running command: "C:\\Python39\\my scripts\\scraper\\Mozilla Firefox\\firefox.exe" "--marionette" "--remote-debugging-port" "38571" "-no-remote" "-profile" "C:\\Users\\User\\AppData\\Local\\Temp\\rust_mozprofilei2Jiir"
iled to fetch region" (new Error("TIMEOUT", "resource://gre/modules/Region.sys.mjs", 416))
TTINGS_DEVTOOLS=1 in the environment
1692194894610	geckodriver	INFO	Listening on 127.0.0.1:38593
1692194896646	mozrunner::runner	INFO	Running command: "C:\\P1692194898141	mozrunner::runner	INFO	Running command: "C:\\Python39\\my scripts\\scraper\\Mozilla Firefox\\firefox.exe" "--marionette" "--remote-debugging-port" "38600" "-no-remote" "-profile" "C:\\Users\\User\\AppData\\Local\\Temp\\rust_mozprofileCqHuv9"
console.warn: services.settings: Ignoring preference override of remote settings server
console.warn: services.settings: Allow by setting MOZ_REMOTE_SETTINGS_DEVTOOLS=1 in the environment
1692194900392	Marionette	INFO	Marionette enabled
Dynamically enable window occlusion 0
1692194900418	Marionette	INFO	Listening on port 38616
WebDriver BiDi listening on ws://127.0.0.1:38600
by setting MOZ_REMOTE_SETTINGS_DEVTOOLS=1 in the environment
1692194900839	Marionette	INFO	Marionette enabled
Dynamically enable window occlusion 0
1692194900862	Marionette	INFO	Listening on port 38621
WebDriver BiDi listening on ws://127.0.0.1:38606
